2019-12-10 11:45:07 INFO  Log:11 - Test is Starting...
2019-12-10 11:45:16 INFO  Log:21 - Login to the application...
2019-12-10 11:45:16 INFO  Log:21 - Click the button Menu
2019-12-10 11:45:19 INFO  Log:21 - Click the button company
2019-12-10 11:45:21 INFO  Log:21 - Click add
2019-12-10 11:45:21 INFO  Log:21 - Fill in company
2019-12-10 11:45:22 INFO  Log:21 - Fill in company name
2019-12-10 11:45:22 INFO  Log:21 - Click Allow Self Admin
2019-12-10 11:45:24 INFO  Log:21 - Fill in Payment Import Method
2019-12-10 11:45:24 INFO  Log:21 - Fill in Data Retention PS
2019-12-10 11:45:24 INFO  Log:21 - Fill in Max numbers PS
2019-12-10 11:45:24 INFO  Log:21 - Fill in Data Retention IR
2019-12-10 11:45:25 INFO  Log:21 - Fill Max Numbers IR
2019-12-10 11:45:28 INFO  Log:21 - Click save
2019-12-10 11:45:28 INFO  Log:16 - Test is Ending...
2019-12-10 12:57:54 INFO  Log:11 - Test is Starting...
2019-12-10 12:58:03 INFO  Log:21 - Login to the application...
2019-12-10 12:58:03 INFO  Log:21 - Click the button Menu
2019-12-10 12:58:06 INFO  Log:21 - Click the button company
2019-12-10 12:58:08 INFO  Log:21 - Click add
2019-12-10 12:58:08 INFO  Log:21 - Fill in company
2019-12-10 12:58:08 INFO  Log:21 - Fill in company name
2019-12-10 12:58:09 INFO  Log:21 - Click Allow Self Admin
2019-12-10 12:58:11 INFO  Log:21 - Fill in Payment Import Method
2019-12-10 12:58:11 INFO  Log:21 - Fill in Data Retention PS
2019-12-10 12:58:11 INFO  Log:21 - Fill in Max numbers PS
2019-12-10 12:58:11 INFO  Log:21 - Fill in Data Retention IR
2019-12-10 12:58:11 INFO  Log:21 - Fill Max Numbers IR
2019-12-10 12:58:15 INFO  Log:21 - Click save
2019-12-10 12:58:15 INFO  Log:16 - Test is Ending...
2019-12-10 13:04:49 INFO  Log:11 - Test is Starting...
2019-12-10 13:05:06 INFO  Log:16 - Test is Ending...
2019-12-10 13:21:58 INFO  Log:11 - Test is Starting...
2019-12-10 13:22:15 INFO  Log:16 - Test is Ending...
2019-12-10 15:58:12 INFO  Log:11 - Test is Starting...
2019-12-10 15:58:19 INFO  Log:21 - Login to the application...
2019-12-10 15:58:19 INFO  Log:21 - Click the button Menu
2019-12-10 15:58:19 INFO  Log:21 - Click the button company
2019-12-10 15:58:19 INFO  Log:21 - Click add
2019-12-10 15:58:21 INFO  Log:21 - Fill in company
2019-12-10 15:58:22 INFO  Log:21 - Fill in company name
2019-12-10 15:58:22 INFO  Log:21 - Click Allow Self Admin
2019-12-10 15:58:22 INFO  Log:21 - Fill in Payment Import Method
2019-12-10 15:58:22 INFO  Log:21 - Fill in Data Retention PS
2019-12-10 15:58:22 INFO  Log:21 - Fill in Max numbers PS
2019-12-10 15:58:23 INFO  Log:21 - Fill in Data Retention IR
2019-12-10 15:58:23 INFO  Log:21 - Fill Max Numbers IR
2019-12-10 15:58:23 INFO  Log:21 - Click save
2019-12-10 15:58:23 INFO  Log:16 - Test is Ending...
